\BOOKMARK [0][-]{section*.2}{\376\377\000E\000v\000i\000d\000e\000n\000c\000e\000\040\000f\000o\000r\000\040\000U\000n\000i\000v\000e\000r\000s\000a\000l\000\040\000S\000c\000a\000l\000e\000\040\000C\000o\000u\000p\000l\000i\000n\000g\000\040\000A\000c\000r\000o\000s\000s\000\040\0006\0001\000\040\000O\000r\000d\000e\000r\000s\000\040\000o\000f\000\040\000M\000a\000g\000n\000i\000t\000u\000d\000e}{}% 2
\BOOKMARK [1][-]{section*.1}{\376\377\000A\000b\000s\000t\000r\000a\000c\000t}{section*.2}% 1
\BOOKMARK [1][-]{section*.3}{\376\377\000I\000n\000t\000r\000o\000d\000u\000c\000t\000i\000o\000n}{section*.2}% 3
\BOOKMARK [1][-]{section*.4}{\376\377\000O\000b\000s\000e\000r\000v\000a\000t\000i\000o\000n\000a\000l\000\040\000E\000v\000i\000d\000e\000n\000c\000e\000\040\000f\000o\000r\000\040\000S\000c\000a\000l\000e\000-\000D\000e\000p\000e\000n\000d\000e\000n\000t\000\040\000P\000a\000r\000a\000m\000e\000t\000e\000r\000s}{section*.2}% 4
\BOOKMARK [2][-]{section*.5}{\376\377\000T\000h\000e\000\040\000U\000n\000i\000v\000e\000r\000s\000a\000l\000\040\000S\000c\000a\000l\000e\000\040\000C\000o\000u\000p\000l\000i\000n\000g\000:\000\040}{section*.4}% 5
\BOOKMARK [3][-]{section*.6}{\376\377\000P\000h\000y\000s\000i\000c\000a\000l\000\040\000B\000a\000s\000i\000s\000\040\000f\000o\000r\000\040\000P\000l\000a\000t\000f\000o\000r\000m\000-\000t\000o\000-\000S\000c\000a\000l\000e\000\040\000M\000a\000p\000p\000i\000n\000g}{section*.5}% 6
\BOOKMARK [2][-]{section*.7}{\376\377\000T\000e\000m\000p\000o\000r\000a\000l\000\040\000E\000v\000o\000l\000u\000t\000i\000o\000n\000\040\000P\000a\000r\000a\000m\000e\000t\000e\000r\000s\000:\000\040\000\040\000a\000n\000d\000\040}{section*.4}% 7
\BOOKMARK [3][-]{section*.8}{\376\377\000C\000o\000o\000r\000d\000i\000n\000a\000t\000e\000\040\000T\000r\000a\000n\000s\000f\000o\000r\000m\000a\000t\000i\000o\000n\000\040\000f\000r\000o\000m\000\040\000/\000\040\000t\000o\000\040\000k}{section*.7}% 8
\BOOKMARK [2][-]{section*.9}{\376\377\000I\000n\000f\000o\000r\000m\000a\000t\000i\000o\000n\000\040\000D\000e\000n\000s\000i\000t\000y\000:\000\040}{section*.4}% 9
\BOOKMARK [1][-]{section*.10}{\376\377\000M\000a\000t\000h\000e\000m\000a\000t\000i\000c\000a\000l\000\040\000F\000r\000a\000m\000e\000w\000o\000r\000k}{section*.2}% 10
\BOOKMARK [2][-]{section*.11}{\376\377\000S\000c\000a\000l\000e\000\040\000n\000o\000r\000m\000a\000l\000i\000z\000a\000t\000i\000o\000n\000\040\000a\000c\000r\000o\000s\000s\000\040\000p\000l\000a\000t\000f\000o\000r\000m\000s}{section*.10}% 11
\BOOKMARK [1][-]{section*.12}{\376\377\000R\000e\000s\000o\000l\000u\000t\000i\000o\000n\000\040\000o\000f\000\040\000C\000o\000s\000m\000o\000l\000o\000g\000i\000c\000a\000l\000\040\000T\000e\000n\000s\000i\000o\000n\000s}{section*.2}% 12
\BOOKMARK [2][-]{section*.13}{\376\377\000H\000u\000b\000b\000l\000e\000\040\000T\000e\000n\000s\000i\000o\000n}{section*.12}% 13
\BOOKMARK [2][-]{section*.14}{\376\377\000S\0008\000\040\000T\000e\000n\000s\000i\000o\000n}{section*.12}% 14
\BOOKMARK [1][-]{section*.15}{\376\377\000F\000a\000l\000s\000i\000f\000i\000a\000b\000l\000e\000\040\000P\000r\000e\000d\000i\000c\000t\000i\000o\000n\000s}{section*.2}% 15
\BOOKMARK [2][-]{section*.16}{\376\377\000P\000r\000e\000d\000i\000c\000t\000i\000o\000n\000\040\000P\000h\000i\000l\000o\000s\000o\000p\000h\000y}{section*.15}% 16
\BOOKMARK [2][-]{section*.17}{\376\377\000L\000I\000G\000O\000\040\000O\0004\000/\000O\0005\000\040\000\050\0002\0000\0002\0005\040\023\0002\0000\0002\0006\000\051\000:\000\040\000G\000r\000a\000v\000i\000t\000a\000t\000i\000o\000n\000a\000l\000-\000w\000a\000v\000e\000\040\000f\000o\000r\000e\000c\000a\000s\000t\000s}{section*.15}% 17
\BOOKMARK [2][-]{section*.18}{\376\377\000E\000u\000c\000l\000i\000d\000\040\000\050\0002\0000\0002\0006\040\023\0002\0000\0002\0008\000\051\000:\000\040\000C\000o\000s\000m\000o\000l\000o\000g\000i\000c\000a\000l\000\040\000C\000o\000n\000f\000i\000r\000m\000a\000t\000i\000o\000n}{section*.15}% 18
\BOOKMARK [2][-]{section*.19}{\376\377\000D\000E\000S\000I\000\040\000\050\0002\0000\0002\0005\040\023\0002\0000\0002\0007\000\051\000:\000\040\000D\000a\000r\000k\000\040\000E\000n\000e\000r\000g\000y\000\040\000E\000q\000u\000a\000t\000i\000o\000n\000\040\000o\000f\000\040\000S\000t\000a\000t\000e}{section*.15}% 19
\BOOKMARK [2][-]{section*.20}{\376\377\000C\000u\000r\000r\000e\000n\000t\000\040\000O\000b\000s\000e\000r\000v\000a\000t\000i\000o\000n\000a\000l\000\040\000S\000t\000a\000t\000u\000s\000\040\000\050\000A\000u\000g\000u\000s\000t\000\040\0002\0000\0002\0005\000\051}{section*.15}% 20
\BOOKMARK [2][-]{section*.21}{\376\377\000B\000i\000o\000l\000o\000g\000i\000c\000a\000l\000\040\000S\000y\000s\000t\000e\000m\000s\000\040\000\050\0002\0000\0002\0005\040\023\0002\0000\0002\0006\000\051}{section*.15}% 21
\BOOKMARK [1][-]{section*.22}{\376\377\000S\000t\000a\000t\000i\000s\000t\000i\000c\000a\000l\000\040\000V\000a\000l\000i\000d\000a\000t\000i\000o\000n}{section*.2}% 22
\BOOKMARK [2][-]{section*.23}{\376\377\000I\000n\000f\000e\000r\000e\000n\000c\000e\000\040\000s\000e\000t\000u\000p\000\040\000\050\000p\000r\000i\000o\000r\000s\000,\000\040\000l\000i\000k\000e\000l\000i\000h\000o\000o\000d\000s\000,\000\040\000c\000o\000r\000r\000e\000l\000a\000t\000i\000o\000n\000s\000\051}{section*.22}% 23
\BOOKMARK [2][-]{section*.24}{\376\377\000M\000o\000d\000e\000l\000\040\000s\000e\000l\000e\000c\000t\000i\000o\000n\000\040\000a\000n\000d\000\040\000r\000o\000b\000u\000s\000t\000n\000e\000s\000s}{section*.22}% 24
\BOOKMARK [2][-]{section*.25}{\376\377\000P\000a\000r\000a\000m\000e\000t\000e\000r\000\040\000P\000r\000o\000v\000e\000n\000a\000n\000c\000e\000\040\000\050\000,\000\040\000,\000\040\000,\000\040\000\051}{section*.22}% 25
\BOOKMARK [1][-]{section*.26}{\376\377\000K\000e\000y\000\040\000L\000i\000m\000i\000t\000a\000t\000i\000o\000n\000s}{section*.2}% 26
\BOOKMARK [2][-]{section*.27}{\376\377\000T\000h\000e\000o\000r\000e\000t\000i\000c\000a\000l\000\040\000F\000r\000a\000m\000e\000w\000o\000r\000k}{section*.26}% 27
\BOOKMARK [2][-]{section*.28}{\376\377\000S\000t\000a\000t\000i\000s\000t\000i\000c\000a\000l\000\040\000L\000i\000m\000i\000t\000a\000t\000i\000o\000n\000s}{section*.26}% 28
\BOOKMARK [2][-]{section*.29}{\376\377\000P\000h\000y\000s\000i\000c\000a\000l\000\040\000S\000c\000o\000p\000e}{section*.26}% 29
\BOOKMARK [2][-]{section*.30}{\376\377\000F\000a\000l\000s\000i\000f\000i\000a\000b\000i\000l\000i\000t\000y\000\040\000C\000o\000n\000s\000t\000r\000a\000i\000n\000t\000s}{section*.26}% 30
\BOOKMARK [1][-]{section*.31}{\376\377\000D\000a\000t\000a\000\040\000a\000n\000d\000\040\000C\000o\000d\000e\000\040\000A\000v\000a\000i\000l\000a\000b\000i\000l\000i\000t\000y}{section*.2}% 31
\BOOKMARK [1][-]{section*.32}{\376\377\000A\000c\000k\000n\000o\000w\000l\000e\000d\000g\000m\000e\000n\000t\000s}{section*.2}% 32
\BOOKMARK [1][-]{section*.33}{\376\377\000R\000e\000f\000e\000r\000e\000n\000c\000e\000s}{section*.2}% 33
